<?xml version="1.0" encoding="UTF-8"?>
<!-- Generated by org.testng.reporters.JUnitXMLReporter -->
<testsuite ignored="0" hostname="DESKTOP-VIRBGBF" failures="2" tests="2" name="Test" time="13.798" errors="0" timestamp="2022-01-10T17:05:13 IST">
  <testcase classname="lounch.LounchYoutube" name="openYoutube" time="13.304">
    <failure type="io.github.bonigarcia.wdm.config.WebDriverManagerException" message="io.github.bonigarcia.wdm.config.WebDriverManagerException: java.net.UnknownHostException: chromedriver.storage.googleapis.com">
      <![CDATA[io.github.bonigarcia.wdm.config.WebDriverManagerException: io.github.bonigarcia.wdm.config.WebDriverManagerException: java.net.UnknownHostException: chromedriver.storage.googleapis.com
at io.github.bonigarcia.wdm.WebDriverManager.handleException(WebDriverManager.java:1140)
at io.github.bonigarcia.wdm.WebDriverManager.manage(WebDriverManager.java:933)
at io.github.bonigarcia.wdm.WebDriverManager.fallback(WebDriverManager.java:1156)
at io.github.bonigarcia.wdm.WebDriverManager.handleException(WebDriverManager.java:1137)
at io.github.bonigarcia.wdm.WebDriverManager.manage(WebDriverManager.java:933)
at io.github.bonigarcia.wdm.WebDriverManager.handleException(WebDriverManager.java:1130)
at io.github.bonigarcia.wdm.WebDriverManager.manage(WebDriverManager.java:933)
at io.github.bonigarcia.wdm.WebDriverManager.setup(WebDriverManager.java:337)
at lounch.LounchYoutube.openYoutube(LounchYoutube.java:16)
at java.base/java.util.ArrayList.forEach(ArrayList.java:1511)
Caused by: io.github.bonigarcia.wdm.config.WebDriverManagerException: java.net.UnknownHostException: chromedriver.storage.googleapis.com
at io.github.bonigarcia.wdm.WebDriverManager.getDriversFromXml(WebDriverManager.java:1286)
at io.github.bonigarcia.wdm.managers.ChromeDriverManager.getDriverUrls(ChromeDriverManager.java:105)
at io.github.bonigarcia.wdm.WebDriverManager.createUrlHandler(WebDriverManager.java:1161)
at io.github.bonigarcia.wdm.WebDriverManager.download(WebDriverManager.java:1009)
at io.github.bonigarcia.wdm.WebDriverManager.manage(WebDriverManager.java:927)
... 38 more
Caused by: java.net.UnknownHostException: chromedriver.storage.googleapis.com
at java.base/java.net.InetAddress$CachedAddresses.get(InetAddress.java:801)
at java.base/java.net.InetAddress.getAllByName0(InetAddress.java:1509)
at java.base/java.net.InetAddress.getAllByName(InetAddress.java:1367)
at java.base/java.net.InetAddress.getAllByName(InetAddress.java:1301)
at org.apache.hc.client5.http.SystemDefaultDnsResolver.resolve(SystemDefaultDnsResolver.java:43)
at org.apache.hc.client5.http.impl.io.DefaultHttpClientConnectionOperator.connect(DefaultHttpClientConnectionOperator.java:118)
at org.apache.hc.client5.http.impl.io.PoolingHttpClientConnectionManager.connect(PoolingHttpClientConnectionManager.java:409)
at org.apache.hc.client5.http.impl.classic.InternalExecRuntime.connectEndpoint(InternalExecRuntime.java:164)
at org.apache.hc.client5.http.impl.classic.InternalExecRuntime.connectEndpoint(InternalExecRuntime.java:174)
at org.apache.hc.client5.http.impl.classic.ConnectExec.execute(ConnectExec.java:135)
at org.apache.hc.client5.http.impl.classic.ExecChainElement.execute(ExecChainElement.java:51)
at org.apache.hc.client5.http.impl.classic.ExecChainElement$1.proceed(ExecChainElement.java:57)
at org.apache.hc.client5.http.impl.classic.ProtocolExec.execute(ProtocolExec.java:172)
at org.apache.hc.client5.http.impl.classic.ExecChainElement.execute(ExecChainElement.java:51)
at org.apache.hc.client5.http.impl.classic.ExecChainElement$1.proceed(ExecChainElement.java:57)
at org.apache.hc.client5.http.impl.classic.HttpRequestRetryExec.execute(HttpRequestRetryExec.java:93)
at org.apache.hc.client5.http.impl.classic.ExecChainElement.execute(ExecChainElement.java:51)
at org.apache.hc.client5.http.impl.classic.ExecChainElement$1.proceed(ExecChainElement.java:57)
at org.apache.hc.client5.http.impl.classic.ContentCompressionExec.execute(ContentCompressionExec.java:128)
at org.apache.hc.client5.http.impl.classic.ExecChainElement.execute(ExecChainElement.java:51)
at org.apache.hc.client5.http.impl.classic.ExecChainElement$1.proceed(ExecChainElement.java:57)
at org.apache.hc.client5.http.impl.classic.RedirectExec.execute(RedirectExec.java:116)
at org.apache.hc.client5.http.impl.classic.ExecChainElement.execute(ExecChainElement.java:51)
at org.apache.hc.client5.http.impl.classic.InternalHttpClient.doExecute(InternalHttpClient.java:178)
at org.apache.hc.client5.http.impl.classic.CloseableHttpClient.execute(CloseableHttpClient.java:75)
at org.apache.hc.client5.http.impl.classic.CloseableHttpClient.execute(CloseableHttpClient.java:89)
at io.github.bonigarcia.wdm.online.HttpClient.execute(HttpClient.java:158)
at io.github.bonigarcia.wdm.WebDriverManager.getDriversFromXml(WebDriverManager.java:1271)
... 42 more
... Removed 30 stack frames]]>
    </failure>
  </testcase> <!-- openYoutube -->
  <testcase classname="lounch.FbLounch" name="run" time="0.446">
    <failure type="io.github.bonigarcia.wdm.config.WebDriverManagerException" message="io.github.bonigarcia.wdm.config.WebDriverManagerException: java.net.UnknownHostException: chromedriver.storage.googleapis.com">
      <![CDATA[io.github.bonigarcia.wdm.config.WebDriverManagerException: io.github.bonigarcia.wdm.config.WebDriverManagerException: java.net.UnknownHostException: chromedriver.storage.googleapis.com
at io.github.bonigarcia.wdm.WebDriverManager.handleException(WebDriverManager.java:1140)
at io.github.bonigarcia.wdm.WebDriverManager.manage(WebDriverManager.java:933)
at io.github.bonigarcia.wdm.WebDriverManager.fallback(WebDriverManager.java:1156)
at io.github.bonigarcia.wdm.WebDriverManager.handleException(WebDriverManager.java:1137)
at io.github.bonigarcia.wdm.WebDriverManager.manage(WebDriverManager.java:933)
at io.github.bonigarcia.wdm.WebDriverManager.handleException(WebDriverManager.java:1130)
at io.github.bonigarcia.wdm.WebDriverManager.manage(WebDriverManager.java:933)
at io.github.bonigarcia.wdm.WebDriverManager.setup(WebDriverManager.java:337)
at lounch.FbLounch.run(FbLounch.java:17)
at java.base/java.util.ArrayList.forEach(ArrayList.java:1511)
Caused by: io.github.bonigarcia.wdm.config.WebDriverManagerException: java.net.UnknownHostException: chromedriver.storage.googleapis.com
at io.github.bonigarcia.wdm.WebDriverManager.getDriversFromXml(WebDriverManager.java:1286)
at io.github.bonigarcia.wdm.managers.ChromeDriverManager.getDriverUrls(ChromeDriverManager.java:105)
at io.github.bonigarcia.wdm.WebDriverManager.createUrlHandler(WebDriverManager.java:1161)
at io.github.bonigarcia.wdm.WebDriverManager.download(WebDriverManager.java:1009)
at io.github.bonigarcia.wdm.WebDriverManager.manage(WebDriverManager.java:927)
... 38 more
Caused by: java.net.UnknownHostException: chromedriver.storage.googleapis.com
at java.base/java.net.InetAddress$CachedAddresses.get(InetAddress.java:801)
at java.base/java.net.InetAddress.getAllByName0(InetAddress.java:1509)
at java.base/java.net.InetAddress.getAllByName(InetAddress.java:1367)
at java.base/java.net.InetAddress.getAllByName(InetAddress.java:1301)
at org.apache.hc.client5.http.SystemDefaultDnsResolver.resolve(SystemDefaultDnsResolver.java:43)
at org.apache.hc.client5.http.impl.io.DefaultHttpClientConnectionOperator.connect(DefaultHttpClientConnectionOperator.java:118)
at org.apache.hc.client5.http.impl.io.PoolingHttpClientConnectionManager.connect(PoolingHttpClientConnectionManager.java:409)
at org.apache.hc.client5.http.impl.classic.InternalExecRuntime.connectEndpoint(InternalExecRuntime.java:164)
at org.apache.hc.client5.http.impl.classic.InternalExecRuntime.connectEndpoint(InternalExecRuntime.java:174)
at org.apache.hc.client5.http.impl.classic.ConnectExec.execute(ConnectExec.java:135)
at org.apache.hc.client5.http.impl.classic.ExecChainElement.execute(ExecChainElement.java:51)
at org.apache.hc.client5.http.impl.classic.ExecChainElement$1.proceed(ExecChainElement.java:57)
at org.apache.hc.client5.http.impl.classic.ProtocolExec.execute(ProtocolExec.java:172)
at org.apache.hc.client5.http.impl.classic.ExecChainElement.execute(ExecChainElement.java:51)
at org.apache.hc.client5.http.impl.classic.ExecChainElement$1.proceed(ExecChainElement.java:57)
at org.apache.hc.client5.http.impl.classic.HttpRequestRetryExec.execute(HttpRequestRetryExec.java:93)
at org.apache.hc.client5.http.impl.classic.ExecChainElement.execute(ExecChainElement.java:51)
at org.apache.hc.client5.http.impl.classic.ExecChainElement$1.proceed(ExecChainElement.java:57)
at org.apache.hc.client5.http.impl.classic.ContentCompressionExec.execute(ContentCompressionExec.java:128)
at org.apache.hc.client5.http.impl.classic.ExecChainElement.execute(ExecChainElement.java:51)
at org.apache.hc.client5.http.impl.classic.ExecChainElement$1.proceed(ExecChainElement.java:57)
at org.apache.hc.client5.http.impl.classic.RedirectExec.execute(RedirectExec.java:116)
at org.apache.hc.client5.http.impl.classic.ExecChainElement.execute(ExecChainElement.java:51)
at org.apache.hc.client5.http.impl.classic.InternalHttpClient.doExecute(InternalHttpClient.java:178)
at org.apache.hc.client5.http.impl.classic.CloseableHttpClient.execute(CloseableHttpClient.java:75)
at org.apache.hc.client5.http.impl.classic.CloseableHttpClient.execute(CloseableHttpClient.java:89)
at io.github.bonigarcia.wdm.online.HttpClient.execute(HttpClient.java:158)
at io.github.bonigarcia.wdm.WebDriverManager.getDriversFromXml(WebDriverManager.java:1271)
... 42 more
... Removed 30 stack frames]]>
    </failure>
  </testcase> <!-- run -->
</testsuite> <!-- Test -->
