<?xml version="1.0" encoding="UTF-8"?>
<testng-results ignored="0" total="2" passed="2" failed="0" skipped="0">
  <reporter-output>
  </reporter-output>
  <suite started-at="2022-01-10T18:01:14 IST" name="Suite" finished-at="2022-01-10T18:02:40 IST" duration-ms="86054">
    <groups>
    </groups>
    <test started-at="2022-01-10T18:01:14 IST" name="Test" finished-at="2022-01-10T18:02:40 IST" duration-ms="86054">
      <class name="lounch.LounchYoutube">
        <test-method signature="openYoutube()[pri:0, instance:lounch.LounchYoutube@79079097]" started-at="2022-01-10T18:01:14 IST" name="openYoutube" finished-at="2022-01-10T18:02:15 IST" duration-ms="60817" status="PASS">
          <reporter-output>
          </reporter-output>
        </test-method> <!-- openYoutube -->
      </class> <!-- lounch.LounchYoutube -->
      <class name="lounch.FbLounch">
        <test-method signature="run()[pri:0, instance:lounch.FbLounch@752325ad]" started-at="2022-01-10T18:02:15 IST" name="run" finished-at="2022-01-10T18:02:40 IST" duration-ms="25192" status="PASS">
          <reporter-output>
          </reporter-output>
        </test-method> <!-- run -->
      </class> <!-- lounch.FbLounch -->
    </test> <!-- Test -->
  </suite> <!-- Suite -->
</testng-results>
