<?xml version="1.0" encoding="UTF-8"?>
<testng-results skipped="0" failed="0" ignored="0" total="2" passed="2">
  <reporter-output>
  </reporter-output>
  <suite name="Suite" duration-ms="13242" started-at="2021-11-27T13:44:31 IST" finished-at="2021-11-27T13:44:44 IST">
    <groups>
    </groups>
    <test name="Test" duration-ms="13242" started-at="2021-11-27T13:44:31 IST" finished-at="2021-11-27T13:44:44 IST">
      <class name="lounch.LounchYoutube">
        <test-method status="PASS" signature="openYoutube()[pri:0, instance:lounch.LounchYoutube@80503]" name="openYoutube" duration-ms="9016" started-at="2021-11-27T13:44:31 IST" finished-at="2021-11-27T13:44:40 IST">
          <reporter-output>
          </reporter-output>
        </test-method> <!-- openYoutube -->
      </class> <!-- lounch.LounchYoutube -->
      <class name="lounch.FbLounch">
        <test-method status="PASS" signature="run()[pri:0, instance:lounch.FbLounch@307f6b8c]" name="run" duration-ms="4173" started-at="2021-11-27T13:44:40 IST" finished-at="2021-11-27T13:44:44 IST">
          <reporter-output>
          </reporter-output>
        </test-method> <!-- run -->
      </class> <!-- lounch.FbLounch -->
    </test> <!-- Test -->
  </suite> <!-- Suite -->
</testng-results>
